Using pre-set license
Built from '2020.3/staging' branch; Version is '2020.3.19f1 (68f137dc9bbe) revision 6877495'; Using compiler version '192528614'; Build Type 'Release'
OS: 'Windows 10 Home; OS build 19043.1237; Version 2009; 64bit' Language: 'en' Physical Memory: 16318 MB
BatchMode: 1, IsHumanControllingUs: 0, StartBugReporterOnCrash: 0, Is64bit: 1, IsPro: 0

COMMAND LINE ARGUMENTS:
D:\Unity\Unity Builds\2020.3.19f1\Editor\Unity.exe
-adb2
-batchMode
-noUpm
-name
AssetImportWorker0
-projectPath
D:/Unity/Repos/TippingToast/production URP - Smell Me Now
-logFile
Logs/AssetImportWorker0.log
-srvPort
56154
Successfully changed project path to: D:/Unity/Repos/TippingToast/production URP - Smell Me Now
D:/Unity/Repos/TippingToast/production URP - Smell Me Now
Using Asset Import Pipeline V2.
Refreshing native plugins compatible for Editor in 145.55 ms, found 5 plugins.
Preloading 0 native plugins for Editor in 0.00 ms.
Initialize engine version: 2020.3.19f1 (68f137dc9bbe)
[Subsystems] Discovering subsystems at path D:/Unity/Unity Builds/2020.3.19f1/Editor/Data/Resources/UnitySubsystems
[Subsystems] Discovering subsystems at path D:/Unity/Repos/TippingToast/production URP - Smell Me Now/Assets
GfxDevice: creating device client; threaded=0
Direct3D:
    Version:  Direct3D 11.0 [level 11.1]
    Renderer: NVIDIA GeForce GTX 1660 Ti (ID=0x2182)
    Vendor:   
    VRAM:     5991 MB
    Driver:   30.0.14.7212
Initialize mono
Mono path[0] = 'D:/Unity/Unity Builds/2020.3.19f1/Editor/Data/Managed'
Mono path[1] = 'D:/Unity/Unity Builds/2020.3.19f1/Editor/Data/MonoBleedingEdge/lib/mono/unityjit'
Mono config path = 'D:/Unity/Unity Builds/2020.3.19f1/Editor/Data/MonoBleedingEdge/etc'
Using monoOptions --debugger-agent=transport=dt_socket,embedding=1,server=y,suspend=n,address=127.0.0.1:56636
Begin MonoManager ReloadAssembly
Registering precompiled unity dll's ...
Register platform support module: D:/Unity/Unity Builds/2020.3.19f1/Editor/Data/PlaybackEngines/WebGLSupport/UnityEditor.WebGL.Extensions.dll
Register platform support module: D:/Unity/Unity Builds/2020.3.19f1/Editor/Data/PlaybackEngines/WindowsStandaloneSupport/UnityEditor.WindowsStandalone.Extensions.dll
Registered in 0.006762 seconds.
Native extension for WindowsStandalone target not found
Native extension for WebGL target not found
Refreshing native plugins compatible for Editor in 102.99 ms, found 5 plugins.
Preloading 0 native plugins for Editor in 0.00 ms.
Mono: successfully reloaded assembly
- Completed reload, in  4.846 seconds
Domain Reload Profiling:
	ReloadAssembly (4846ms)
		BeginReloadAssembly (124ms)
			ExecutionOrderSort (0ms)
			DisableScriptedObjects (0ms)
			BackupInstance (0ms)
			ReleaseScriptingObjects (0ms)
			CreateAndSetChildDomain (2ms)
		EndReloadAssembly (608ms)
			LoadAssemblies (124ms)
			RebuildTransferFunctionScriptingTraits (1ms)
			SetupTypeCache (192ms)
			ReleaseScriptCaches (0ms)
			RebuildScriptCaches (53ms)
			SetupLoadedEditorAssemblies (261ms)
				LogAssemblyErrors (0ms)
				InitializePlatformSupportModulesInManaged (5ms)
				SetLoadedEditorAssemblies (0ms)
				RefreshPlugins (103ms)
				BeforeProcessingInitializeOnLoad (16ms)
				ProcessInitializeOnLoadAttributes (102ms)
				ProcessInitializeOnLoadMethodAttributes (35ms)
				AfterProcessingInitializeOnLoad (0ms)
				EditorAssembliesLoaded (0ms)
			ExecutionOrderSort2 (0ms)
			AwakeInstancesAfterBackupRestoration (0ms)
Platform modules already initialized, skipping
Registering precompiled user dll's ...
Registered in 0.010994 seconds.
Begin MonoManager ReloadAssembly
Native extension for WindowsStandalone target not found
Native extension for WebGL target not found
Refreshing native plugins compatible for Editor in 234.38 ms, found 5 plugins.
Preloading 0 native plugins for Editor in 0.00 ms.
Mono: successfully reloaded assembly
- Completed reload, in  4.208 seconds
Domain Reload Profiling:
	ReloadAssembly (4209ms)
		BeginReloadAssembly (1319ms)
			ExecutionOrderSort (0ms)
			DisableScriptedObjects (20ms)
			BackupInstance (0ms)
			ReleaseScriptingObjects (0ms)
			CreateAndSetChildDomain (75ms)
		EndReloadAssembly (2810ms)
			LoadAssemblies (943ms)
			RebuildTransferFunctionScriptingTraits (0ms)
			SetupTypeCache (939ms)
			ReleaseScriptCaches (1ms)
			RebuildScriptCaches (192ms)
			SetupLoadedEditorAssemblies (781ms)
				LogAssemblyErrors (0ms)
				InitializePlatformSupportModulesInManaged (8ms)
				SetLoadedEditorAssemblies (0ms)
				RefreshPlugins (234ms)
				BeforeProcessingInitializeOnLoad (166ms)
				ProcessInitializeOnLoadAttributes (355ms)
				ProcessInitializeOnLoadMethodAttributes (11ms)
				AfterProcessingInitializeOnLoad (5ms)
				EditorAssembliesLoaded (1ms)
			ExecutionOrderSort2 (0ms)
			AwakeInstancesAfterBackupRestoration (14ms)
Platform modules already initialized, skipping
========================================================================
Worker process is ready to serve import requests
Launched and connected shader compiler UnityShaderCompiler.exe after 0.18 seconds
Refreshing native plugins compatible for Editor in 2.53 ms, found 5 plugins.
Preloading 0 native plugins for Editor in 0.00 ms.
Unloading 3257 Unused Serialized files (Serialized files now loaded: 0)
System memory in use before: 170.6 MB.
System memory in use after: 170.6 MB.

Unloading 130 unused Assets to reduce memory usage. Loaded Objects now: 3644.
Total: 4.109300 ms (FindLiveObjects: 0.326500 ms CreateObjectMapping: 0.184400 ms MarkObjects: 3.328200 ms  DeleteObjects: 0.268700 ms)

AssetImportParameters requested are different than current active one (requested -> active):
  requireTextureImportCompression: false -> true
  custom:framework-win-MediaFoundation: 216162199b28c13a410421893ffa2e32 -> 
  custom:video-decoder-ogg-theora: a1e56fd34408186e4bbccfd4996cb3dc -> 
  custom:container-muxer-webm: aa71ff27fc2769a1b78a27578f13a17b -> 
  custom:container-demuxer-webm: 4f35f7cbe854078d1ac9338744f61a02 -> 
  custom:container-demuxer-ogg: 62fdf1f143b41e24485cea50d1cbac27 -> 
  custom:video-encoder-webm-vp8: eb34c28f22e8b96e1ab97ce403110664 -> 
  custom:video-decoder-webm-vp8: 9c59270c3fd7afecdb556c50c9e8de78 -> 
  custom:audio-decoder-ogg-vorbis: bf7c407c2cedff20999df2af8eb42d56 -> 
  custom:audio-encoder-webm-vorbis: bf7c407c2cedff20999df2af8eb42d56 -> 
========================================================================
Received Import Request.
  path: Assets/Firebase/Plugins/x86_64/FirebaseCppApp-8_3_0.so
  artifactKey: Guid(ee9b567455f745b5a9618598ec89862f) Importer(815301076,1909f56bfc062723c751e8b465ee728b)
Start importing Assets/Firebase/Plugins/x86_64/FirebaseCppApp-8_3_0.so using Guid(ee9b567455f745b5a9618598ec89862f) Importer(815301076,1909f56bfc062723c751e8b465ee728b)  -> (artifact id: '3cc7f6e6770e7253908d7ec35e8883ed') in 0.064239 seconds 
  Import took 0.077317 seconds .

========================================================================
Received Import Request.
  Time since last request: 0.000215 seconds.
  path: Assets/Firebase/Plugins
  artifactKey: Guid(2899e30620b78df4fb5ca20ae7bd64fc) Importer(815301076,1909f56bfc062723c751e8b465ee728b)
Start importing Assets/Firebase/Plugins using Guid(2899e30620b78df4fb5ca20ae7bd64fc) Importer(815301076,1909f56bfc062723c751e8b465ee728b)  -> (artifact id: 'a662b3846bfa5d052f2671c7766c5893') in 0.001289 seconds 
  Import took 0.009105 seconds .

========================================================================
Received Import Request.
  Time since last request: 0.000350 seconds.
  path: Assets/Firebase/Plugins/x86_64
  artifactKey: Guid(c827e0259b595154ead4419338581060) Importer(815301076,1909f56bfc062723c751e8b465ee728b)
Start importing Assets/Firebase/Plugins/x86_64 using Guid(c827e0259b595154ead4419338581060) Importer(815301076,1909f56bfc062723c751e8b465ee728b)  -> (artifact id: '8b13f0d4371acea161cae2c09c6b7031') in 0.001907 seconds 
  Import took 0.008380 seconds .

========================================================================
Received Import Request.
  Time since last request: 0.000254 seconds.
  path: Assets/_Smell Me Now/Scripts/GameManager.cs
  artifactKey: Guid(5ad0f96171029464c8c2b02287b361f6) Importer(815301076,1909f56bfc062723c751e8b465ee728b)
Start importing Assets/_Smell Me Now/Scripts/GameManager.cs using Guid(5ad0f96171029464c8c2b02287b361f6) Importer(815301076,1909f56bfc062723c751e8b465ee728b)  -> (artifact id: 'e29d923c5ade35847e5978544b417177') in 0.013192 seconds 
  Import took 0.023248 seconds .

========================================================================
Received Import Request.
  Time since last request: 0.000208 seconds.
  path: Assets/Firebase/Plugins/iOS
  artifactKey: Guid(f96dfb50b69ca364bb8d25f245114a9a) Importer(815301076,1909f56bfc062723c751e8b465ee728b)
Start importing Assets/Firebase/Plugins/iOS using Guid(f96dfb50b69ca364bb8d25f245114a9a) Importer(815301076,1909f56bfc062723c751e8b465ee728b)  -> (artifact id: 'fba61333dca10d69179d6816c8f9689c') in 0.001428 seconds 
  Import took 0.007651 seconds .

========================================================================
Received Import Request.
  Time since last request: 0.000307 seconds.
  path: Assets/Firebase/Editor
  artifactKey: Guid(6e59e93d1f6c5be47a07a6967da12fd8) Importer(815301076,1909f56bfc062723c751e8b465ee728b)
Start importing Assets/Firebase/Editor using Guid(6e59e93d1f6c5be47a07a6967da12fd8) Importer(815301076,1909f56bfc062723c751e8b465ee728b)  -> (artifact id: 'e8f8d1026ba603146c26577701edf4c3') in 0.001400 seconds 
  Import took 0.009766 seconds .

========================================================================
Received Import Request.
  Time since last request: 0.000548 seconds.
  path: Assets/Firebase/m2repository
  artifactKey: Guid(886e2b293037e2d4a96481f342269eb6) Importer(815301076,1909f56bfc062723c751e8b465ee728b)
Start importing Assets/Firebase/m2repository using Guid(886e2b293037e2d4a96481f342269eb6) Importer(815301076,1909f56bfc062723c751e8b465ee728b)  -> (artifact id: '71c5d6174e528e3ce1c7286b82f81a63') in 0.001648 seconds 
  Import took 0.008363 seconds .

========================================================================
Received Import Request.
  Time since last request: 3.371565 seconds.
  path: Assets/Firebase/Plugins/x86_64/FirebaseCppApp-8_3_0.bundle
  artifactKey: Guid(e4f6ae1dd4ce48968794d54ba4ceb803) Importer(815301076,1909f56bfc062723c751e8b465ee728b)
Start importing Assets/Firebase/Plugins/x86_64/FirebaseCppApp-8_3_0.bundle using Guid(e4f6ae1dd4ce48968794d54ba4ceb803) Importer(815301076,1909f56bfc062723c751e8b465ee728b)  -> (artifact id: '71a17df93e8fc1c13bebb8d5f43a079b') in 0.005372 seconds 
  Import took 0.013666 seconds .

========================================================================
Received Import Request.
  Time since last request: 0.315865 seconds.
  path: Assets/Firebase/Plugins/x86_64/FirebaseCppApp-8_3_0.dll
  artifactKey: Guid(ac31480cb9034b8789333f123cea2be1) Importer(815301076,1909f56bfc062723c751e8b465ee728b)
Start importing Assets/Firebase/Plugins/x86_64/FirebaseCppApp-8_3_0.dll using Guid(ac31480cb9034b8789333f123cea2be1) Importer(815301076,1909f56bfc062723c751e8b465ee728b)  -> (artifact id: 'c69806375765626f55c3343d06df09cd') in 0.007488 seconds 
  Import took 0.014783 seconds .

